
--- forcing DTR inactive
--- forcing RTS inactive
--- Terminal on /dev/ttyUSB0 | 115200 8-N-1
--- Available filters and text transformations: colorize, debug, default, direct, esp32_exception_decoder, hexlify, log2file, nocontrol, printable, send_on_enter, time
--- More details at https://bit.ly/pio-monitor-filters
--- Quit: Ctrl+C | Menu: Ctrl+T | Help: Ctrl+T followed by Ctrl+H
ets Jun  8 2016 00:22:57

rst:0x1 (POWERON_RESET),boot:0x13 (SPI_FAST_FLASH_BOOT)
configsip: 0, SPIWP:0xee
clk_drv:0x00,q_drv:0x00,d_drv:0x00,cs0_drv:0x00,hd_drv:0x00,wp_drv:0x00
mode:DIO, clock div:2
load:0x3fff0030,len:1184
load:0x40078000,len:13232
load:0x40080400,len:3028
entry 0x400805e4
[    18][D][esp32-hal-cpu.c:244] setCpuFrequencyMhz(): PLL: 480 / 2 = 240 Mhz, APB: 80000000 Hz
[   475][I][esp32-hal-psram.c:95] psramInit(): PSRAM enabled
[   515][V][esp32-hal-uart.c:330] uartBegin(): UART0 baud(115200) Mode(800001c) rxPin(3) txPin(1)
[   524][V][esp32-hal-uart.c:416] uartBegin(): UART0 not installed. Starting installation
[   535][V][esp32-hal-uart.c:467] uartBegin(): UART0 initialization done.
[   550][I][main.cpp:62] import_model(): Mounting MicroSD Card
[  1164][I][main.cpp:78] import_model(): Read 2262712 bytes into PSRAM

[  1182][I][main.cpp:126] setup_tinyml_model(): TinyML successfully started!
Class[0] = 0.00 %
Class[1] = 0.00 %
Class[2] = 0.00 %
Class[3] = 0.00 %
Class[4] = 0.00 %
Class[5] = 0.00 %
Class[6] = 0.00 %
Class[7] = 0.00 %
Class[8] = 0.00 %
Class[9] = 99.61 %
The predicted number is: 9 (99.61 %)
Class[0] = 0.00 %
Class[1] = 0.00 %
Class[2] = 0.00 %
Class[3] = 0.00 %
Class[4] = 0.00 %
Class[5] = 0.00 %
Class[6] = 0.00 %
Class[7] = 0.00 %
Class[8] = 0.00 %
Class[9] = 99.61 %
The predicted number is: 9 (99.61 %)
Class[0] = 0.00 %
Class[1] = 0.00 %
Class[2] = 0.00 %
Class[3] = 0.00 %
Class[4] = 0.00 %
Class[5] = 0.00 %
Class[6] = 0.00 %
Class[7] = 0.00 %
Class[8] = 0.00 %
Class[9] = 99.61 %
The predicted number is: 9 (99.61 %)
Class[0] = 0.00 %
Class[1] = 0.00 %
Class[2] = 0.00 %
Class[3] = 0.00 %
Class[4] = 0.00 %
Class[5] = 0.00 %
Class[6] = 0.00 %
Class[7] = 0.00 %
Class[8] = 0.00 %
Class[9] = 99.61 %
The predicted number is: 9 (99.61 %)
Class[0] = 0.00 %
Class[1] = 0.00 %
Class[2] = 0.00 %
Class[3] = 0.00 %
Class[4] = 0.00 %
Class[5] = 0.00 %
Class[6] = 0.00 %
Class[7] = 0.00 %
Class[8] = 0.00 %
Class[9] = 99.61 %
The predicted number is: 9 (99.61 %)